SETTINGS:
  M: 7
  N: 7
  K: 5

##################
###   GAME 1
##################
  Turn: 1
  Player: X
  Location: 0,0

  Turn: 2
  Player: O
  Location: 2,2

  Turn: 3
  Player: X
  Location: 3,3

  Turn: 4
  Player: O
  Location: 1,1

  Turn: 5
  Player: X
  Location: 0,1

  Turn: 6
  Player: O
  Location: 2,1

  Turn: 7
  Player: X
  Location: 0,2

  Turn: 8
  Player: O
  Location: 3,1

  Turn: 9
  Player: X
  Location: 0,3

  Turn: 10
  Player: O
  Location: 4,1

  Turn: 11
  Player: X
  Location: 0,4

##################
###   GAME 2
##################
  Turn: 1
  Player: X
  Location: 4,4

  Turn: 2
  Player: O
  Location: 5,6

  Turn: 3
  Player: X
  Location: 4,3

  Turn: 4
  Player: O
  Location: 1,1

  Turn: 5
  Player: X
  Location: 4,2

  Turn: 6
  Player: O
  Location: 0,0

  Turn: 7
  Player: X
  Location: 4,1

  Turn: 8
  Player: O
  Location: 1,2

  Turn: 9
  Player: X
  Location: 4,0

