----------
GAME: 1
SETTINGS:
  M: 6
  N: 4
  K: 3

  Turn: 1
  Player: X
  Location: 0,0

  Turn: 2
  Player: O
  Location: 1,0

  Turn: 3
  Player: X
  Location: 0,1

  Turn: 4
  Player: O
  Location: 4,0

  Turn: 5
  Player: X
  Location: 0,3

  Turn: 6
  Player: O
  Location: 2,0

  Turn: 7
  Player: X
  Location: 0,2

----------
GAME: 2
SETTINGS:
  M: 6
  N: 4
  K: 3

  Turn: 1
  Player: X
  Location: 0,0

  Turn: 2
  Player: O
  Location: 1,0

  Turn: 3
  Player: X
  Location: 0,1

  Turn: 4
  Player: O
  Location: 1,2

  Turn: 5
  Player: X
  Location: 4,3

  Turn: 6
  Player: O
  Location: 1,1

