SETTINGS:
  M: 6
  N: 6
  K: 4

##################
GAME: 1
##################
  Turn: 1
  Player: X
  Location: 0,0

  Turn: 2
  Player: O
  Location: 2,3

  Turn: 3
  Player: X
  Location: 3,2

  Turn: 4
  Player: O
  Location: 2,2

  Turn: 5
  Player: X
  Location: 4,1

  Turn: 6
  Player: O
  Location: 3,3

  Turn: 7
  Player: X
  Location: 4,0

  Turn: 8
  Player: O
  Location: 1,3

##################
GAME: 2
##################
  Turn: 1
  Player: X
  Location: 1,1

  Turn: 2
  Player: O
  Location: 3,2

  Turn: 3
  Player: X
  Location: 1,2

  Turn: 4
  Player: O
  Location: 2,3

  Turn: 5
  Player: X
  Location: 1,3

  Turn: 6
  Player: O
  Location: 2,1

  Turn: 7
  Player: X
  Location: 1,4

